%!Adobe-FontList 1.19
%Locale:0x409

%BeginFont
Handler:DirectoryHandler
FontType:TrueType
FontName:HKGrotesk-Bold
FamilyName:HK Grotesk
StyleName:Bold
MenuName:HK Grotesk
StyleBits:2
WeightClass:700
WidthClass:5
AngleClass:0
FullName:HK Grotesk Bold
WritingScript:Roman
OutlineFileName:\HKGrotesk-Bold.ttf
DataFormat:sfntData
hasSVG:no
VariableFontType:NonVariableFont
FileLength:83556
FileModTime:1509613313
NameArray:0,Mac,4,HK Grotesk Bold
NameArray:0,Win,1,HK Grotesk
%EndFont

%BeginFont
Handler:DirectoryHandler
FontType:Type1
FontName:HKGrotesk-Italic
FamilyName:HK Grotesk
StyleName:Italic
MenuName:HK Grotesk
StyleBits:1
WeightClass:400
WidthClass:5
AngleClass:1
FullName:HK Grotesk Italic
WritingScript:Roman
OutlineFileName:\HKGrotesk-Italic.otf
DataFormat:sfntData
UsesStandardEncoding:yes
isCFF:yes
hasSVG:no
VariableFontType:NonVariableFont
FileLength:67916
FileModTime:1509613356
NameArray:0,Mac,4,HK Grotesk Italic
NameArray:0,Win,1,HK Grotesk
%EndFont

%BeginFont
Handler:DirectoryHandler
FontType:Type1
FontName:HKGrotesk-Light
FamilyName:HK Grotesk
StyleName:Light
MenuName:HK Grotesk Light
StyleBits:0
WeightClass:300
WidthClass:5
AngleClass:0
FullName:HK Grotesk Light
WritingScript:Roman
OutlineFileName:\HKGrotesk-Light.otf
DataFormat:sfntData
UsesStandardEncoding:yes
isCFF:yes
hasSVG:no
VariableFontType:NonVariableFont
FileLength:64576
FileModTime:1509613350
NameArray:0,Mac,4,HK Grotesk Light
NameArray:0,Win,1,HK Grotesk Light
NameArray:0,Win,16,HK Grotesk
%EndFont

%BeginFont
Handler:DirectoryHandler
FontType:Type1
FontName:HKGrotesk-LightItalic
FamilyName:HK Grotesk
StyleName:Light Italic
MenuName:HK Grotesk Light Italic
StyleBits:0
WeightClass:300
WidthClass:5
AngleClass:1
FullName:HK Grotesk Light Italic
WritingScript:Roman
OutlineFileName:\HKGrotesk-LightItalic.otf
DataFormat:sfntData
UsesStandardEncoding:yes
isCFF:yes
hasSVG:no
VariableFontType:NonVariableFont
FileLength:65400
FileModTime:1509613356
NameArray:0,Mac,4,HK Grotesk Light Italic
NameArray:0,Win,1,HK Grotesk Light Italic
NameArray:0,Win,16,HK Grotesk
%EndFont

%BeginFont
Handler:DirectoryHandler
FontType:Type1
FontName:HKGrotesk-Regular
FamilyName:HK Grotesk
StyleName:Regular
MenuName:HK Grotesk
StyleBits:0
WeightClass:400
WidthClass:5
AngleClass:0
FullName:HK Grotesk Regular
WritingScript:Roman
OutlineFileName:\HKGrotesk-Regular.otf
DataFormat:sfntData
UsesStandardEncoding:yes
isCFF:yes
hasSVG:no
VariableFontType:NonVariableFont
FileLength:67652
FileModTime:1509613350
NameArray:0,Mac,4,HK Grotesk Regular
NameArray:0,Win,1,HK Grotesk
%EndFont

%BeginFont
Handler:DirectoryHandler
FontType:Type1
FontName:HKGrotesk-SemiBoldLegacy
FamilyName:HK Grotesk
StyleName:SemiBold Legacy
MenuName:HK Grotesk SemiBold Legacy
StyleBits:0
WeightClass:600
WidthClass:5
AngleClass:0
FullName:HK Grotesk SemiBold Legacy
WritingScript:Roman
OutlineFileName:\HKGrotesk-SemiBoldLegacy.otf
DataFormat:sfntData
UsesStandardEncoding:yes
isCFF:yes
hasSVG:no
VariableFontType:NonVariableFont
FileLength:67020
FileModTime:1510752509
NameArray:0,Mac,4,HK Grotesk SemiBold Legacy
NameArray:0,Win,1,HK Grotesk SemiBold Legacy
NameArray:0,Win,16,HK Grotesk
%EndFont

%BeginFont
Handler:DirectoryHandler
FontType:TrueType
FontName:Holland
FamilyName:Holland
StyleName:Regular
MenuName:Holland
StyleBits:0
WeightClass:400
WidthClass:5
AngleClass:0
FullName:Holland
WritingScript:Roman
OutlineFileName:\Holland.ttf
DataFormat:sfntData
hasSVG:no
VariableFontType:NonVariableFont
FileLength:116848
FileModTime:1507003478
NameArray:0,Mac,4,Holland
NameArray:0,Win,1,Holland
%EndFont

%BeginFont
Handler:DirectoryHandler
FontType:Type1
FontName:MinionPro-Regular
FamilyName:Minion Pro
StyleName:Regular
MenuName:Minion Pro
StyleBits:0
WeightClass:400
WidthClass:5
AngleClass:0
FullName:Minion Pro
WritingScript:Roman
OutlineFileName:\MinionPro-Regular.otf
DataFormat:sfntData
UsesStandardEncoding:yes
isCFF:yes
hasSVG:no
VariableFontType:NonVariableFont
FileLength:218640
FileModTime:1517219443
DesignSize:110
NameArray:0,Mac,4,Minion Pro
NameArray:0,Win,1,Minion Pro
%EndFont

%BeginFont
Handler:DirectoryHandler
FontType:Type1
FontName:Vision-Regular
FamilyName:Vision
StyleName:Regular
MenuName:Vision
StyleBits:0
WeightClass:400
WidthClass:5
AngleClass:0
FullName:Vision Regular
WritingScript:Roman
OutlineFileName:\Vision.otf
DataFormat:sfntData
UsesStandardEncoding:yes
isCFF:yes
hasSVG:no
VariableFontType:NonVariableFont
FileLength:111928
FileModTime:1487632864
NameArray:0,Mac,4,Vision Regular
NameArray:0,Win,1,Vision
%EndFont

